Determining if the pthread_create exist failed with the following output:
Change Dir: /home/ravi/classic_ur_ws/build/CMakeFiles/CMakeTmp

Run Build Command:"/usr/bin/make" "cmTC_8491f/fast"
/usr/bin/make -f CMakeFiles/cmTC_8491f.dir/build.make CMakeFiles/cmTC_8491f.dir/build
make[1]: Entering directory '/home/ravi/classic_ur_ws/build/CMakeFiles/CMakeTmp'
Building C object CMakeFiles/cmTC_8491f.dir/CheckSymbolExists.c.o
/usr/bin/cc     -o CMakeFiles/cmTC_8491f.dir/CheckSymbolExists.c.o   -c /home/ravi/classic_ur_ws/build/CMakeFiles/CMakeTmp/CheckSymbolExists.c
Linking C executable cmTC_8491f
/usr/bin/cmake -E cmake_link_script CMakeFiles/cmTC_8491f.dir/link.txt --verbose=1
/usr/bin/cc       CMakeFiles/cmTC_8491f.dir/CheckSymbolExists.c.o  -o cmTC_8491f -rdynamic 
CMakeFiles/cmTC_8491f.dir/CheckSymbolExists.c.o: In function `main':
CheckSymbolExists.c:(.text+0x16): undefined reference to `pthread_create'
collect2: error: ld returned 1 exit status
CMakeFiles/cmTC_8491f.dir/build.make:97: recipe for target 'cmTC_8491f' failed
make[1]: *** [cmTC_8491f] Error 1
make[1]: Leaving directory '/home/ravi/classic_ur_ws/build/CMakeFiles/CMakeTmp'
Makefile:126: recipe for target 'cmTC_8491f/fast' failed
make: *** [cmTC_8491f/fast] Error 2

File /home/ravi/classic_ur_ws/build/CMakeFiles/CMakeTmp/CheckSymbolExists.c:
/* */
#include <pthread.h>

int main(int argc, char** argv)
{
  (void)argv;
#ifndef pthread_create
  return ((int*)(&pthread_create))[argc];
#else
  (void)argc;
  return 0;
#endif
}

Determining if the function pthread_create exists in the pthreads failed with the following output:
Change Dir: /home/ravi/classic_ur_ws/build/CMakeFiles/CMakeTmp

Run Build Command:"/usr/bin/make" "cmTC_bcced/fast"
/usr/bin/make -f CMakeFiles/cmTC_bcced.dir/build.make CMakeFiles/cmTC_bcced.dir/build
make[1]: Entering directory '/home/ravi/classic_ur_ws/build/CMakeFiles/CMakeTmp'
Building C object CMakeFiles/cmTC_bcced.dir/CheckFunctionExists.c.o
/usr/bin/cc    -DCHECK_FUNCTION_EXISTS=pthread_create   -o CMakeFiles/cmTC_bcced.dir/CheckFunctionExists.c.o   -c /usr/share/cmake-3.5/Modules/CheckFunctionExists.c
Linking C executable cmTC_bcced
/usr/bin/cmake -E cmake_link_script CMakeFiles/cmTC_bcced.dir/link.txt --verbose=1
/usr/bin/cc   -DCHECK_FUNCTION_EXISTS=pthread_create    CMakeFiles/cmTC_bcced.dir/CheckFunctionExists.c.o  -o cmTC_bcced -rdynamic -lpthreads 
/usr/bin/ld: cannot find -lpthreads
collect2: error: ld returned 1 exit status
CMakeFiles/cmTC_bcced.dir/build.make:97: recipe for target 'cmTC_bcced' failed
make[1]: *** [cmTC_bcced] Error 1
make[1]: Leaving directory '/home/ravi/classic_ur_ws/build/CMakeFiles/CMakeTmp'
Makefile:126: recipe for target 'cmTC_bcced/fast' failed
make: *** [cmTC_bcced/fast] Error 2


Performing C SOURCE FILE Test CMAKE_HAVE_LIBC_PTHREAD failed with the following output:
Change Dir: /home/ravi/classic_ur_ws/build/CMakeFiles/CMakeTmp

Run Build Command(s):/usr/bin/make cmTC_ef1ea/fast && /usr/bin/make -f CMakeFiles/cmTC_ef1ea.dir/build.make CMakeFiles/cmTC_ef1ea.dir/build
make[1]: Entering directory '/home/ravi/classic_ur_ws/build/CMakeFiles/CMakeTmp'
Building C object CMakeFiles/cmTC_ef1ea.dir/src.c.o
/usr/bin/cc   -DCMAKE_HAVE_LIBC_PTHREAD   -o CMakeFiles/cmTC_ef1ea.dir/src.c.o   -c /home/ravi/classic_ur_ws/build/CMakeFiles/CMakeTmp/src.c
Linking C executable cmTC_ef1ea
/usr/local/bin/cmake -E cmake_link_script CMakeFiles/cmTC_ef1ea.dir/link.txt --verbose=1
/usr/bin/cc  -DCMAKE_HAVE_LIBC_PTHREAD    -rdynamic CMakeFiles/cmTC_ef1ea.dir/src.c.o  -o cmTC_ef1ea 
CMakeFiles/cmTC_ef1ea.dir/src.c.o: In function `main':
src.c:(.text+0x3c): undefined reference to `pthread_create'
src.c:(.text+0x48): undefined reference to `pthread_detach'
src.c:(.text+0x59): undefined reference to `pthread_join'
src.c:(.text+0x6d): undefined reference to `pthread_atfork'
collect2: error: ld returned 1 exit status
CMakeFiles/cmTC_ef1ea.dir/build.make:86: recipe for target 'cmTC_ef1ea' failed
make[1]: *** [cmTC_ef1ea] Error 1
make[1]: Leaving directory '/home/ravi/classic_ur_ws/build/CMakeFiles/CMakeTmp'
Makefile:121: recipe for target 'cmTC_ef1ea/fast' failed
make: *** [cmTC_ef1ea/fast] Error 2


Source file was:
#include <pthread.h>

void* test_func(void* data)
{
  return data;
}

int main(void)
{
  pthread_t thread;
  pthread_create(&thread, NULL, test_func, NULL);
  pthread_detach(thread);
  pthread_join(thread, NULL);
  pthread_atfork(NULL, NULL, NULL);
  pthread_exit(NULL);

  return 0;
}

